Using pre-set license

 COMMAND LINE ARGUMENTS:
/Applications/Unity/Hub/Editor/2020.2.7f1/Unity.app/Contents/MacOS/Unity
-adb2
-batchMode
-noUpm
-name
AssetImportWorker0
-projectPath
/Users/RalphAj/Desktop/Game Progamming/Project 1
-logFile
Logs/AssetImportWorker0.log
-srvPort
58700
Successfully changed project path to: /Users/RalphAj/Desktop/Game Progamming/Project 1
/Users/RalphAj/Desktop/Game Progamming/Project 1
Using Asset Import Pipeline V2.
Refreshing native plugins compatible for Editor in 250.34 ms, found 1 plugins.
Preloading 0 native plugins for Editor in 0.00 ms.
Initialize engine version: 2020.2.7f1 (c53830e277f1)
[Subsystems] Discovering subsystems at path /Applications/Unity/Hub/Editor/2020.2.7f1/Unity.app/Contents/Resources/UnitySubsystems
[Subsystems] Discovering subsystems at path /Users/RalphAj/Desktop/Game Progamming/Project 1/Assets
GfxDevice: creating device client; threaded=0
2021-03-23 20:53:28.890 Unity[11573:485422] Color LCD preferred device: Intel(R) Iris(TM) Graphics 6100 (low power)
2021-03-23 20:53:28.890 Unity[11573:485422] Metal devices available: 1
2021-03-23 20:53:28.891 Unity[11573:485422] 0: Intel(R) Iris(TM) Graphics 6100 (low power)
2021-03-23 20:53:28.892 Unity[11573:485422] Using device Intel(R) Iris(TM) Graphics 6100 (low power)
Initializing Metal device caps: Intel(R) Iris(TM) Graphics 6100
Initialize mono
Mono path[0] = '/Applications/Unity/Hub/Editor/2020.2.7f1/Unity.app/Contents/Managed'
Mono path[1] = '/Applications/Unity/Hub/Editor/2020.2.7f1/Unity.app/Contents/MonoBleedingEdge/lib/mono/unityjit'
Mono config path = '/Applications/Unity/Hub/Editor/2020.2.7f1/Unity.app/Contents/MonoBleedingEdge/etc'
Using monoOptions --debugger-agent=transport=dt_socket,embedding=1,server=y,suspend=n,address=127.0.0.1:56573
Begin MonoManager ReloadAssembly
Registering precompiled unity dll's ...
Register platform support module: /Applications/Unity/Hub/Editor/2020.2.7f1/PlaybackEngines/WebGLSupport/UnityEditor.WebGL.Extensions.dll
Register platform support module: /Applications/Unity/Hub/Editor/2020.2.7f1/Unity.app/Contents/PlaybackEngines/MacStandaloneSupport/UnityEditor.OSXStandalone.Extensions.dll
Registered in 0.005320 seconds.
Native extension for OSXStandalone target not found
Native extension for WebGL target not found
Refreshing native plugins compatible for Editor in 60.67 ms, found 1 plugins.
Preloading 0 native plugins for Editor in 0.00 ms.
Invoked RoslynAnalysisRunner static constructor.
RoslynAnalysisRunner will not be running.
RoslynAnalysisRunner has terminated.
Mono: successfully reloaded assembly
- Completed reload, in  8.205 seconds
Platform modules already initialized, skipping
Registering precompiled user dll's ...
Registered in 0.001924 seconds.
Begin MonoManager ReloadAssembly
Native extension for OSXStandalone target not found
Native extension for WebGL target not found
Refreshing native plugins compatible for Editor in 1.10 ms, found 1 plugins.
Preloading 0 native plugins for Editor in 0.00 ms.
Invoked RoslynAnalysisRunner static constructor.
RoslynAnalysisRunner will not be running.
RoslynAnalysisRunner has terminated.
Mono: successfully reloaded assembly
- Completed reload, in  4.936 seconds
Platform modules already initialized, skipping
========================================================================
Worker process is ready to serve import requests
Launching external process: /Applications/Unity/Hub/Editor/2020.2.7f1/Unity.app/Contents/Tools/UnityShaderCompiler
Launched and connected shader compiler UnityShaderCompiler after 0.03 seconds
Refreshing native plugins compatible for Editor in 1.75 ms, found 1 plugins.
Preloading 0 native plugins for Editor in 0.00 ms.
Unloading 1245 Unused Serialized files (Serialized files now loaded: 0)
System memory in use before: 125.9 MB.
System memory in use after: 125.5 MB.

Unloading 11 unused Assets to reduce memory usage. Loaded Objects now: 1691.
Total: 7.012203 ms (FindLiveObjects: 1.138040 ms CreateObjectMapping: 0.201095 ms MarkObjects: 4.271514 ms  DeleteObjects: 1.392995 ms)

========================================================================
Received Import Request.
  path: Assets/NewLayer 2.terrainlayer
  artifactKey: Guid(587474581e447ec4a8f8bb3817d50d8d) Importer(815301076,1909f56bfc062723c751e8b465ee728b)
Start importing Assets/NewLayer 2.terrainlayer using Guid(587474581e447ec4a8f8bb3817d50d8d) Importer(815301076,1909f56bfc062723c751e8b465ee728b)  -> (artifact id: '205da134c808a45af0e6a7f28b9696ce') in 2.376456 seconds
  Import took 2.381671 seconds .

========================================================================
Received Import Request.
  Time since last request: 0.000279 seconds.
  path: Assets/New Terrain.asset
  artifactKey: Guid(2f0deaa43d9c17f4eb82aa6cbeffa7fe) Importer(815301076,1909f56bfc062723c751e8b465ee728b)
Start importing Assets/New Terrain.asset using Guid(2f0deaa43d9c17f4eb82aa6cbeffa7fe) Importer(815301076,1909f56bfc062723c751e8b465ee728b)  -> (artifact id: '5388d7a4db54cc6015f8911f2def9e4e') in 1.907491 seconds
  Import took 1.911771 seconds .

========================================================================
Received Import Request.
  Time since last request: 0.000384 seconds.
  path: Assets/Scenes
  artifactKey: Guid(116da20aa5f32b346acb38eb850dfd30) Importer(815301076,1909f56bfc062723c751e8b465ee728b)
Start importing Assets/Scenes using Guid(116da20aa5f32b346acb38eb850dfd30) Importer(815301076,1909f56bfc062723c751e8b465ee728b)  -> (artifact id: 'c8babefbdf0d363db124107af0b6a082') in 0.004730 seconds
  Import took 0.016537 seconds .

========================================================================
Received Import Request.
  Time since last request: 0.004810 seconds.
  path: Assets/NewLayer 1.terrainlayer
  artifactKey: Guid(41d12f9498b58da4bb56b03198684f96) Importer(815301076,1909f56bfc062723c751e8b465ee728b)
Start importing Assets/NewLayer 1.terrainlayer using Guid(41d12f9498b58da4bb56b03198684f96) Importer(815301076,1909f56bfc062723c751e8b465ee728b)  -> (artifact id: 'e4461fddccc7adca51fcab5a4833b89c') in 0.034018 seconds
  Import took 0.070795 seconds .

========================================================================
Received Import Request.
  Time since last request: 0.000392 seconds.
  path: Assets/NewLayer.terrainlayer
  artifactKey: Guid(261997041fedadd4ca1b80e56cecb380) Importer(815301076,1909f56bfc062723c751e8b465ee728b)
Start importing Assets/NewLayer.terrainlayer using Guid(261997041fedadd4ca1b80e56cecb380) Importer(815301076,1909f56bfc062723c751e8b465ee728b)  -> (artifact id: '2a6c480775f5a3077cdfecfb0ce9763c') in 0.027553 seconds
  Import took 0.038868 seconds .

========================================================================
Received Import Request.
  Time since last request: 0.000464 seconds.
  path: Assets/Scenes/SampleScene.unity
  artifactKey: Guid(9fc0d4010bbf28b4594072e72b8655ab) Importer(815301076,1909f56bfc062723c751e8b465ee728b)
Start importing Assets/Scenes/SampleScene.unity using Guid(9fc0d4010bbf28b4594072e72b8655ab) Importer(815301076,1909f56bfc062723c751e8b465ee728b)  -> (artifact id: '28881deb1e764d7e48f2532aa76e3a97') in 0.005119 seconds
  Import took 0.010041 seconds .

========================================================================
Received Import Request.
  Time since last request: 42.193759 seconds.
  path: Assets/Scripts/TurnManager.cs
  artifactKey: Guid(8815b7475249d764fa9168382ff5e47c) Importer(815301076,1909f56bfc062723c751e8b465ee728b)
Start importing Assets/Scripts/TurnManager.cs using Guid(8815b7475249d764fa9168382ff5e47c) Importer(815301076,1909f56bfc062723c751e8b465ee728b)  -> (artifact id: '471ef6382ed380520b14a11e8827a7b9') in 0.787610 seconds
  Import took 0.791311 seconds .

